2025.03.11 15:11:19 INFO  Started: Metals version 1.5.1 in folders '/home/curry/code/ysyx_curry/npc' for client Cursor 1.96.2.[0m
2025.03.11 15:11:21 INFO  Attempting to connect to the build server...[0m
2025.03.11 15:11:21 INFO  Found a Bloop server running[0m
2025.03.11 15:11:22 INFO  tracing is disabled for protocol BSP, to enable tracing of incoming and outgoing JSON messages create an empty file at /home/curry/code/ysyx_curry/npc/.metals/bsp.trace.json or /home/curry/.cache/metals/bsp.trace.json[0m
2025.03.11 15:11:21 WARN  Scala instance jar /home/curry/.cache/coursier/v1/https/maven.aliyun.com/repository/central/org/scala-lang/scala-compiler/2.13.15/scala-compiler-2.13.15.jar doesn't exist![0m
2025.03.11 15:11:21 WARN  Scala instance jar /home/curry/.cache/coursier/v1/https/maven.aliyun.com/repository/central/org/scala-lang/scala-reflect/2.13.15/scala-reflect-2.13.15.jar doesn't exist![0m
2025.03.11 15:11:21 WARN  Scala instance jar /home/curry/.cache/coursier/v1/https/maven.aliyun.com/repository/central/org/scala-lang/scala-library/2.13.15/scala-library-2.13.15.jar doesn't exist![0m
2025.03.11 15:11:21 WARN  Scala instance jar /home/curry/.cache/coursier/v1/https/maven.aliyun.com/repository/central/io/github/java-diff-utils/java-diff-utils/4.12/java-diff-utils-4.12.jar doesn't exist![0m
2025.03.11 15:11:21 WARN  Scala instance jar /home/curry/.cache/coursier/v1/https/maven.aliyun.com/repository/central/org/jline/jline/3.26.3/jline-3.26.3.jar doesn't exist![0m
2025.03.11 15:11:21 WARN  Scala instance jar /home/curry/.cache/coursier/v1/https/maven.aliyun.com/repository/central/net/java/dev/jna/jna/5.14.0/jna-5.14.0.jar doesn't exist![0m
2025.03.11 15:11:21 WARN  Scala instance jar /home/curry/.cache/coursier/v1/https/maven.aliyun.com/repository/central/org/scala-lang/scala-compiler/2.13.15/scala-compiler-2.13.15.jar doesn't exist![0m
2025.03.11 15:11:21 WARN  Scala instance jar /home/curry/.cache/coursier/v1/https/maven.aliyun.com/repository/central/org/scala-lang/scala-reflect/2.13.15/scala-reflect-2.13.15.jar doesn't exist![0m
2025.03.11 15:11:21 WARN  Scala instance jar /home/curry/.cache/coursier/v1/https/maven.aliyun.com/repository/central/org/scala-lang/scala-library/2.13.15/scala-library-2.13.15.jar doesn't exist![0m
2025.03.11 15:11:21 WARN  Scala instance jar /home/curry/.cache/coursier/v1/https/maven.aliyun.com/repository/central/io/github/java-diff-utils/java-diff-utils/4.12/java-diff-utils-4.12.jar doesn't exist![0m
2025.03.11 15:11:21 WARN  Scala instance jar /home/curry/.cache/coursier/v1/https/maven.aliyun.com/repository/central/org/jline/jline/3.26.3/jline-3.26.3.jar doesn't exist![0m
2025.03.11 15:11:21 ERROR Bloop server PID: 3678
Ignoring SIGINT
Will truncate output file /home/curry/.local/share/scalacli/bloop/daemon/output every 5 minutes
Unable to load nailgun-version.properties.
NGServer [UNKNOWN] started on local socket /home/curry/.local/share/scalacli/bloop/daemon/socket.
/home/curry/.local/share/scalacli/bloop
/home/curry/.local/share/scalacli/bloop
/home/curry/.local/share/scalacli/bloop
/home/curry/.local/share/scalacli/bloop
[0m
2025.03.11 15:11:21 WARN  Scala instance jar /home/curry/.cache/coursier/v1/https/maven.aliyun.com/repository/central/net/java/dev/jna/jna/5.14.0/jna-5.14.0.jar doesn't exist![0m
2025.03.11 15:11:21 ERROR Failed to connect with build server, no functionality will work.
java.util.concurrent.ExecutionException: org.eclipse.lsp4j.jsonrpc.ResponseErrorException: bloop.data.Project$ProjectReadException: Failed to load project from /home/curry/code/ysyx_curry/npc/.bloop/npc.test.json
	at bloop.data.Project$.fromBytesAndOrigin(Project.scala:265)
	at bloop.engine.BuildLoader$.loadProject(BuildLoader.scala:264)
	at bloop.engine.BuildLoader$.$anonfun$loadBuildIncrementally$3(BuildLoader.scala:59)
	at monix.eval.internal.TaskRunLoop$.startFull(TaskRunLoop.scala:81)
	at monix.eval.internal.TaskRestartCallback.syncOnSuccess(TaskRestartCallback.scala:101)
	at monix.eval.internal.TaskRestartCallback.onSuccess(TaskRestartCallback.scala:74)
	at monix.eval.internal.TaskShift$Register$$anon$1.run(TaskShift.scala:65)
	at monix.execution.internal.InterceptRunnable.run(InterceptRunnable.scala:27)
	at java.base/java.util.concurrent.ThreadPoolExecutor.runWorker(ThreadPoolExecutor.java:1136)
	at java.base/java.util.concurrent.ThreadPoolExecutor$Worker.run(ThreadPoolExecutor.java:635)
	at java.base/java.lang.Thread.run(Thread.java:840)
Caused by: java.nio.file.NoSuchFileException: /home/curry/.cache/coursier/v1/https/maven.aliyun.com/repository/central/org/scala-lang/scala-compiler/2.13.15/scala-compiler-2.13.15.jar
	at java.base/sun.nio.fs.UnixException.translateToIOException(UnixException.java:92)
	at java.base/sun.nio.fs.UnixException.rethrowAsIOException(UnixException.java:106)
	at java.base/sun.nio.fs.UnixException.rethrowAsIOException(UnixException.java:111)
	at java.base/sun.nio.fs.UnixFileAttributeViews$Basic.readAttributes(UnixFileAttributeViews.java:55)
	at java.base/sun.nio.fs.UnixFileSystemProvider.readAttributes(UnixFileSystemProvider.java:148)
	at java.base/sun.nio.fs.LinuxFileSystemProvider.readAttributes(LinuxFileSystemProvider.java:99)
	at java.base/java.nio.file.Files.readAttributes(Files.java:1851)
	at bloop.ScalaInstance.$anonfun$hashCode$1(ScalaInstance.scala:114)
	at scala.collection.TraversableLike.$anonfun$map$1(TraversableLike.scala:286)
	at scala.collection.IndexedSeqOptimized.foreach(IndexedSeqOptimized.scala:36)
	at scala.collection.IndexedSeqOptimized.foreach$(IndexedSeqOptimized.scala:33)
	at scala.collection.mutable.WrappedArray.foreach(WrappedArray.scala:38)
	at scala.collection.TraversableLike.map(TraversableLike.scala:286)
	at scala.collection.TraversableLike.map$(TraversableLike.scala:279)
	at scala.collection.AbstractTraversable.map(Traversable.scala:108)
	at bloop.ScalaInstance.<init>(ScalaInstance.scala:110)
	at bloop.ScalaInstance$.newInstance$1(ScalaInstance.scala:198)
	at bloop.ScalaInstance$.$anonfun$apply$9(ScalaInstance.scala:204)
	at java.base/java.util.concurrent.ConcurrentHashMap.computeIfAbsent(ConcurrentHashMap.java:1708)
	at bloop.ScalaInstance$.apply(ScalaInstance.scala:204)
	at bloop.data.Project$.$anonfun$fromConfig$1(Project.scala:287)
	at scala.Option.flatMap(Option.scala:271)
	at bloop.data.Project$.fromConfig(Project.scala:276)
	at bloop.data.Project$.fromBytesAndOrigin(Project.scala:259)
	... 10 more

	at java.util.concurrent.CompletableFuture.reportGet(CompletableFuture.java:396)
	at java.util.concurrent.CompletableFuture.get(CompletableFuture.java:2096)
	at scala.meta.internal.metals.BuildServerConnection$.initialize(BuildServerConnection.scala:755)
	at scala.meta.internal.metals.BuildServerConnection$.$anonfun$fromSockets$1(BuildServerConnection.scala:630)
	at scala.concurrent.impl.Promise$Transformation.run(Promise.scala:467)
	at java.util.concurrent.ThreadPoolExecutor.runWorker(ThreadPoolExecutor.java:1136)
	at java.util.concurrent.ThreadPoolExecutor$Worker.run(ThreadPoolExecutor.java:635)
	at java.lang.Thread.run(Thread.java:840)
Caused by: org.eclipse.lsp4j.jsonrpc.ResponseErrorException: bloop.data.Project$ProjectReadException: Failed to load project from /home/curry/code/ysyx_curry/npc/.bloop/npc.test.json
	at bloop.data.Project$.fromBytesAndOrigin(Project.scala:265)
	at bloop.engine.BuildLoader$.loadProject(BuildLoader.scala:264)
	at bloop.engine.BuildLoader$.$anonfun$loadBuildIncrementally$3(BuildLoader.scala:59)
	at monix.eval.internal.TaskRunLoop$.startFull(TaskRunLoop.scala:81)
	at monix.eval.internal.TaskRestartCallback.syncOnSuccess(TaskRestartCallback.scala:101)
	at monix.eval.internal.TaskRestartCallback.onSuccess(TaskRestartCallback.scala:74)
	at monix.eval.internal.TaskShift$Register$$anon$1.run(TaskShift.scala:65)
	at monix.execution.internal.InterceptRunnable.run(InterceptRunnable.scala:27)
	at java.base/java.util.concurrent.ThreadPoolExecutor.runWorker(ThreadPoolExecutor.java:1136)
	at java.base/java.util.concurrent.ThreadPoolExecutor$Worker.run(ThreadPoolExecutor.java:635)
	at java.base/java.lang.Thread.run(Thread.java:840)
Caused by: java.nio.file.NoSuchFileException: /home/curry/.cache/coursier/v1/https/maven.aliyun.com/repository/central/org/scala-lang/scala-compiler/2.13.15/scala-compiler-2.13.15.jar
	at java.base/sun.nio.fs.UnixException.translateToIOException(UnixException.java:92)
	at java.base/sun.nio.fs.UnixException.rethrowAsIOException(UnixException.java:106)
	at java.base/sun.nio.fs.UnixException.rethrowAsIOException(UnixException.java:111)
	at java.base/sun.nio.fs.UnixFileAttributeViews$Basic.readAttributes(UnixFileAttributeViews.java:55)
	at java.base/sun.nio.fs.UnixFileSystemProvider.readAttributes(UnixFileSystemProvider.java:148)
	at java.base/sun.nio.fs.LinuxFileSystemProvider.readAttributes(LinuxFileSystemProvider.java:99)
	at java.base/java.nio.file.Files.readAttributes(Files.java:1851)
	at bloop.ScalaInstance.$anonfun$hashCode$1(ScalaInstance.scala:114)
	at scala.collection.TraversableLike.$anonfun$map$1(TraversableLike.scala:286)
	at scala.collection.IndexedSeqOptimized.foreach(IndexedSeqOptimized.scala:36)
	at scala.collection.IndexedSeqOptimized.foreach$(IndexedSeqOptimized.scala:33)
	at scala.collection.mutable.WrappedArray.foreach(WrappedArray.scala:38)
	at scala.collection.TraversableLike.map(TraversableLike.scala:286)
	at scala.collection.TraversableLike.map$(TraversableLike.scala:279)
	at scala.collection.AbstractTraversable.map(Traversable.scala:108)
	at bloop.ScalaInstance.<init>(ScalaInstance.scala:110)
	at bloop.ScalaInstance$.newInstance$1(ScalaInstance.scala:198)
	at bloop.ScalaInstance$.$anonfun$apply$9(ScalaInstance.scala:204)
	at java.base/java.util.concurrent.ConcurrentHashMap.computeIfAbsent(ConcurrentHashMap.java:1708)
	at bloop.ScalaInstance$.apply(ScalaInstance.scala:204)
	at bloop.data.Project$.$anonfun$fromConfig$1(Project.scala:287)
	at scala.Option.flatMap(Option.scala:271)
	at bloop.data.Project$.fromConfig(Project.scala:276)
	at bloop.data.Project$.fromBytesAndOrigin(Project.scala:259)
	... 10 more

	at org.eclipse.lsp4j.jsonrpc.RemoteEndpoint.handleResponse(RemoteEndpoint.java:220)
	at org.eclipse.lsp4j.jsonrpc.RemoteEndpoint.consume(RemoteEndpoint.java:204)
	at scala.meta.internal.metals.RequestMonitorImpl$$anon$1.consume(ServerLivenessMonitor.scala:41)
	at org.eclipse.lsp4j.jsonrpc.json.StreamMessageProducer.handleMessage(StreamMessageProducer.java:185)
	at org.eclipse.lsp4j.jsonrpc.json.StreamMessageProducer.listen(StreamMessageProducer.java:97)
	at org.eclipse.lsp4j.jsonrpc.json.ConcurrentMessageProcessor.run(ConcurrentMessageProcessor.java:114)
	at java.util.concurrent.Executors$RunnableAdapter.call(Executors.java:539)
	at java.util.concurrent.FutureTask.run(FutureTask.java:264)
	at java.util.concurrent.ThreadPoolExecutor.runWorker(ThreadPoolExecutor.java:1136)
	at java.util.concurrent.ThreadPoolExecutor$Worker.run(ThreadPoolExecutor.java:635)
	at java.lang.Thread.run(Thread.java:840)
[0m
Mar 11, 2025 3:14:00 PM org.eclipse.lsp4j.jsonrpc.services.GenericEndpoint notify
WARNING: Unsupported notification method: metals/windowStateDidChange
Mar 11, 2025 3:14:52 PM org.eclipse.lsp4j.jsonrpc.services.GenericEndpoint notify
WARNING: Unsupported notification method: metals/windowStateDidChange
2025.03.11 15:44:12 INFO  Shutting down server[0m
2025.03.11 15:44:12 INFO  shutting down Metals[0m
2025.03.11 15:44:12 INFO  Exiting server[0m
2025.03.11 15:53:21 INFO  Started: Metals version 1.5.1 in folders '/home/curry/code/ysyx_curry/npc' for client Cursor 1.96.2.[0m
2025.03.11 15:53:23 INFO  Attempting to connect to the build server...[0m
2025.03.11 15:53:23 INFO  No running Bloop server found, starting one.[0m
2025.03.11 15:53:28 INFO  Starting compilation server[0m
2025.03.11 15:53:30 INFO  tracing is disabled for protocol BSP, to enable tracing of incoming and outgoing JSON messages create an empty file at /home/curry/code/ysyx_curry/npc/.metals/bsp.trace.json or /home/curry/.cache/metals/bsp.trace.json[0m
2025.03.11 15:53:32 WARN  Scala instance jar /home/curry/.cache/coursier/v1/https/maven.aliyun.com/repository/central/org/scala-lang/scala-compiler/2.13.15/scala-compiler-2.13.15.jar doesn't exist![0m
2025.03.11 15:53:32 WARN  Scala instance jar /home/curry/.cache/coursier/v1/https/maven.aliyun.com/repository/central/org/scala-lang/scala-reflect/2.13.15/scala-reflect-2.13.15.jar doesn't exist![0m
2025.03.11 15:53:32 WARN  Scala instance jar /home/curry/.cache/coursier/v1/https/maven.aliyun.com/repository/central/org/scala-lang/scala-compiler/2.13.15/scala-compiler-2.13.15.jar doesn't exist![0m
2025.03.11 15:53:32 WARN  Scala instance jar /home/curry/.cache/coursier/v1/https/maven.aliyun.com/repository/central/org/scala-lang/scala-reflect/2.13.15/scala-reflect-2.13.15.jar doesn't exist![0m
2025.03.11 15:53:32 WARN  Scala instance jar /home/curry/.cache/coursier/v1/https/maven.aliyun.com/repository/central/org/scala-lang/scala-library/2.13.15/scala-library-2.13.15.jar doesn't exist![0m
2025.03.11 15:53:32 WARN  Scala instance jar /home/curry/.cache/coursier/v1/https/maven.aliyun.com/repository/central/io/github/java-diff-utils/java-diff-utils/4.12/java-diff-utils-4.12.jar doesn't exist![0m
2025.03.11 15:53:32 WARN  Scala instance jar /home/curry/.cache/coursier/v1/https/maven.aliyun.com/repository/central/org/jline/jline/3.26.3/jline-3.26.3.jar doesn't exist![0m
2025.03.11 15:53:32 WARN  Scala instance jar /home/curry/.cache/coursier/v1/https/maven.aliyun.com/repository/central/org/scala-lang/scala-library/2.13.15/scala-library-2.13.15.jar doesn't exist![0m
2025.03.11 15:53:32 WARN  Scala instance jar /home/curry/.cache/coursier/v1/https/maven.aliyun.com/repository/central/io/github/java-diff-utils/java-diff-utils/4.12/java-diff-utils-4.12.jar doesn't exist![0m
2025.03.11 15:53:32 WARN  Scala instance jar /home/curry/.cache/coursier/v1/https/maven.aliyun.com/repository/central/org/jline/jline/3.26.3/jline-3.26.3.jar doesn't exist![0m
2025.03.11 15:53:32 ERROR Bloop server PID: 2148
Ignoring SIGINT
Will truncate output file /home/curry/.local/share/scalacli/bloop/daemon/output every 5 minutes
Unable to load nailgun-version.properties.
NGServer [UNKNOWN] started on local socket /home/curry/.local/share/scalacli/bloop/daemon/socket.
/home/curry/.local/share/scalacli/bloop
/home/curry/.local/share/scalacli/bloop
[0m
2025.03.11 15:53:32 ERROR Failed to connect with build server, no functionality will work.
java.util.concurrent.ExecutionException: org.eclipse.lsp4j.jsonrpc.ResponseErrorException: bloop.data.Project$ProjectReadException: Failed to load project from /home/curry/code/ysyx_curry/npc/.bloop/npc.json
	at bloop.data.Project$.fromBytesAndOrigin(Project.scala:265)
	at bloop.engine.BuildLoader$.loadProject(BuildLoader.scala:264)
	at bloop.engine.BuildLoader$.$anonfun$loadBuildIncrementally$3(BuildLoader.scala:59)
	at monix.eval.internal.TaskRunLoop$.startFull(TaskRunLoop.scala:81)
	at monix.eval.internal.TaskRestartCallback.syncOnSuccess(TaskRestartCallback.scala:101)
	at monix.eval.internal.TaskRestartCallback.onSuccess(TaskRestartCallback.scala:74)
	at monix.eval.internal.TaskShift$Register$$anon$1.run(TaskShift.scala:65)
	at monix.execution.internal.InterceptRunnable.run(InterceptRunnable.scala:27)
	at java.base/java.util.concurrent.ThreadPoolExecutor.runWorker(ThreadPoolExecutor.java:1136)
	at java.base/java.util.concurrent.ThreadPoolExecutor$Worker.run(ThreadPoolExecutor.java:635)
	at java.base/java.lang.Thread.run(Thread.java:840)
Caused by: java.nio.file.NoSuchFileException: /home/curry/.cache/coursier/v1/https/maven.aliyun.com/repository/central/org/scala-lang/scala-compiler/2.13.15/scala-compiler-2.13.15.jar
	at java.base/sun.nio.fs.UnixException.translateToIOException(UnixException.java:92)
	at java.base/sun.nio.fs.UnixException.rethrowAsIOException(UnixException.java:106)
	at java.base/sun.nio.fs.UnixException.rethrowAsIOException(UnixException.java:111)
	at java.base/sun.nio.fs.UnixFileAttributeViews$Basic.readAttributes(UnixFileAttributeViews.java:55)
	at java.base/sun.nio.fs.UnixFileSystemProvider.readAttributes(UnixFileSystemProvider.java:148)
	at java.base/sun.nio.fs.LinuxFileSystemProvider.readAttributes(LinuxFileSystemProvider.java:99)
	at java.base/java.nio.file.Files.readAttributes(Files.java:1851)
	at bloop.ScalaInstance.$anonfun$hashCode$1(ScalaInstance.scala:114)
	at scala.collection.TraversableLike.$anonfun$map$1(TraversableLike.scala:286)
	at scala.collection.IndexedSeqOptimized.foreach(IndexedSeqOptimized.scala:36)
	at scala.collection.IndexedSeqOptimized.foreach$(IndexedSeqOptimized.scala:33)
	at scala.collection.mutable.WrappedArray.foreach(WrappedArray.scala:38)
	at scala.collection.TraversableLike.map(TraversableLike.scala:286)
	at scala.collection.TraversableLike.map$(TraversableLike.scala:279)
	at scala.collection.AbstractTraversable.map(Traversable.scala:108)
	at bloop.ScalaInstance.<init>(ScalaInstance.scala:110)
	at bloop.ScalaInstance$.newInstance$1(ScalaInstance.scala:198)
	at bloop.ScalaInstance$.$anonfun$apply$9(ScalaInstance.scala:204)
	at java.base/java.util.concurrent.ConcurrentHashMap.computeIfAbsent(ConcurrentHashMap.java:1708)
	at bloop.ScalaInstance$.apply(ScalaInstance.scala:204)
	at bloop.data.Project$.$anonfun$fromConfig$1(Project.scala:287)
	at scala.Option.flatMap(Option.scala:271)
	at bloop.data.Project$.fromConfig(Project.scala:276)
	at bloop.data.Project$.fromBytesAndOrigin(Project.scala:259)
	... 10 more

	at java.util.concurrent.CompletableFuture.reportGet(CompletableFuture.java:396)
	at java.util.concurrent.CompletableFuture.get(CompletableFuture.java:2096)
	at scala.meta.internal.metals.BuildServerConnection$.initialize(BuildServerConnection.scala:755)
	at scala.meta.internal.metals.BuildServerConnection$.$anonfun$fromSockets$1(BuildServerConnection.scala:630)
	at scala.concurrent.impl.Promise$Transformation.run(Promise.scala:467)
	at java.util.concurrent.ThreadPoolExecutor.runWorker(ThreadPoolExecutor.java:1136)
	at java.util.concurrent.ThreadPoolExecutor$Worker.run(ThreadPoolExecutor.java:635)
	at java.lang.Thread.run(Thread.java:840)
Caused by: org.eclipse.lsp4j.jsonrpc.ResponseErrorException: bloop.data.Project$ProjectReadException: Failed to load project from /home/curry/code/ysyx_curry/npc/.bloop/npc.json
	at bloop.data.Project$.fromBytesAndOrigin(Project.scala:265)
	at bloop.engine.BuildLoader$.loadProject(BuildLoader.scala:264)
	at bloop.engine.BuildLoader$.$anonfun$loadBuildIncrementally$3(BuildLoader.scala:59)
	at monix.eval.internal.TaskRunLoop$.startFull(TaskRunLoop.scala:81)
	at monix.eval.internal.TaskRestartCallback.syncOnSuccess(TaskRestartCallback.scala:101)
	at monix.eval.internal.TaskRestartCallback.onSuccess(TaskRestartCallback.scala:74)
	at monix.eval.internal.TaskShift$Register$$anon$1.run(TaskShift.scala:65)
	at monix.execution.internal.InterceptRunnable.run(InterceptRunnable.scala:27)
	at java.base/java.util.concurrent.ThreadPoolExecutor.runWorker(ThreadPoolExecutor.java:1136)
	at java.base/java.util.concurrent.ThreadPoolExecutor$Worker.run(ThreadPoolExecutor.java:635)
	at java.base/java.lang.Thread.run(Thread.java:840)
Caused by: java.nio.file.NoSuchFileException: /home/curry/.cache/coursier/v1/https/maven.aliyun.com/repository/central/org/scala-lang/scala-compiler/2.13.15/scala-compiler-2.13.15.jar
	at java.base/sun.nio.fs.UnixException.translateToIOException(UnixException.java:92)
	at java.base/sun.nio.fs.UnixException.rethrowAsIOException(UnixException.java:106)
	at java.base/sun.nio.fs.UnixException.rethrowAsIOException(UnixException.java:111)
	at java.base/sun.nio.fs.UnixFileAttributeViews$Basic.readAttributes(UnixFileAttributeViews.java:55)
	at java.base/sun.nio.fs.UnixFileSystemProvider.readAttributes(UnixFileSystemProvider.java:148)
	at java.base/sun.nio.fs.LinuxFileSystemProvider.readAttributes(LinuxFileSystemProvider.java:99)
	at java.base/java.nio.file.Files.readAttributes(Files.java:1851)
	at bloop.ScalaInstance.$anonfun$hashCode$1(ScalaInstance.scala:114)
	at scala.collection.TraversableLike.$anonfun$map$1(TraversableLike.scala:286)
	at scala.collection.IndexedSeqOptimized.foreach(IndexedSeqOptimized.scala:36)
	at scala.collection.IndexedSeqOptimized.foreach$(IndexedSeqOptimized.scala:33)
	at scala.collection.mutable.WrappedArray.foreach(WrappedArray.scala:38)
	at scala.collection.TraversableLike.map(TraversableLike.scala:286)
	at scala.collection.TraversableLike.map$(TraversableLike.scala:279)
	at scala.collection.AbstractTraversable.map(Traversable.scala:108)
	at bloop.ScalaInstance.<init>(ScalaInstance.scala:110)
	at bloop.ScalaInstance$.newInstance$1(ScalaInstance.scala:198)
	at bloop.ScalaInstance$.$anonfun$apply$9(ScalaInstance.scala:204)
	at java.base/java.util.concurrent.ConcurrentHashMap.computeIfAbsent(ConcurrentHashMap.java:1708)
	at bloop.ScalaInstance$.apply(ScalaInstance.scala:204)
	at bloop.data.Project$.$anonfun$fromConfig$1(Project.scala:287)
	at scala.Option.flatMap(Option.scala:271)
	at bloop.data.Project$.fromConfig(Project.scala:276)
	at bloop.data.Project$.fromBytesAndOrigin(Project.scala:259)
	... 10 more

	at org.eclipse.lsp4j.jsonrpc.RemoteEndpoint.handleResponse(RemoteEndpoint.java:220)
	at org.eclipse.lsp4j.jsonrpc.RemoteEndpoint.consume(RemoteEndpoint.java:204)
	at scala.meta.internal.metals.RequestMonitorImpl$$anon$1.consume(ServerLivenessMonitor.scala:41)
	at org.eclipse.lsp4j.jsonrpc.json.StreamMessageProducer.handleMessage(StreamMessageProducer.java:185)
	at org.eclipse.lsp4j.jsonrpc.json.StreamMessageProducer.listen(StreamMessageProducer.java:97)
	at org.eclipse.lsp4j.jsonrpc.json.ConcurrentMessageProcessor.run(ConcurrentMessageProcessor.java:114)
	at java.util.concurrent.Executors$RunnableAdapter.call(Executors.java:539)
	at java.util.concurrent.FutureTask.run(FutureTask.java:264)
	at java.util.concurrent.ThreadPoolExecutor.runWorker(ThreadPoolExecutor.java:1136)
	at java.util.concurrent.ThreadPoolExecutor$Worker.run(ThreadPoolExecutor.java:635)
	at java.lang.Thread.run(Thread.java:840)
[0m
Mar 11, 2025 4:20:06 PM org.eclipse.lsp4j.jsonrpc.services.GenericEndpoint notify
WARNING: Unsupported notification method: metals/windowStateDidChange
Mar 11, 2025 4:20:07 PM org.eclipse.lsp4j.jsonrpc.services.GenericEndpoint notify
WARNING: Unsupported notification method: metals/windowStateDidChange
2025.03.11 16:20:38 INFO  Shutting down server[0m
2025.03.11 16:20:38 INFO  shutting down Metals[0m
2025.03.11 16:20:38 INFO  Exiting server[0m
